<?xml version="1.0" encoding="UTF-8"?>
<testsuite name="chatServiseTest" tests="1" skipped="0" failures="0" errors="0" timestamp="2022-10-25T07:13:50" hostname="LAPTOP-R0G8NQOH" time="0.024">
  <properties/>
  <testcase name="ChatNotFoundException" classname="chatServiseTest" time="0.024"/>
  <system-out><![CDATA[]]></system-out>
  <system-err><![CDATA[]]></system-err>
</testsuite>
